[07:20:01] [ServerMain/INFO]: Environment: Environment[sessionHost=https://sessionserver.mojang.com, servicesHost=https://api.minecraftservices.com, name=PROD]
[07:20:03] [ServerMain/INFO]: Loaded 1290 recipes
[07:20:03] [ServerMain/INFO]: Loaded 1399 advancements
[07:20:04] [Server thread/INFO]: Starting minecraft server version 1.21
[07:20:04] [Server thread/INFO]: Loading properties
[07:20:04] [Server thread/INFO]: Default game type: SURVIVAL
[07:20:04] [Server thread/INFO]: Generating keypair
[07:20:04] [Server thread/INFO]: Starting Minecraft server on *:25565
[07:20:04] [Server thread/INFO]: Using epoll channel type
[07:20:04] [Server thread/WARN]: **** SERVER IS RUNNING IN OFFLINE/INSECURE MODE!
[07:20:04] [Server thread/WARN]: The server will make no attempt to authenticate usernames. Beware.
[07:20:04] [Server thread/WARN]: While this makes the game possible to play without internet access, it also opens up the ability for hackers to connect with any username they choose.
[07:20:04] [Server thread/WARN]: To change this, set "online-mode" to "true" in the server.properties file.
[07:20:04] [Server thread/INFO]: Preparing level "world"
[07:20:07] [Server thread/INFO]: Preparing start region for dimension minecraft:overworld
[07:20:07] [Worker-Main-3/INFO]: Preparing spawn area: 0%
[07:20:07] [Worker-Main-2/INFO]: Preparing spawn area: 77%
[07:20:07] [Server thread/INFO]: Time elapsed: 537 ms
[07:20:07] [Server thread/INFO]: Done (3.297s)! For help, type "help"
[07:49:05] [Server thread/INFO]: Stopping the server
[07:49:05] [Server thread/INFO]: Stopping server
[07:49:05] [Server thread/INFO]: Saving players
[07:49:05] [Server thread/INFO]: Saving worlds
[07:49:05] [Server thread/INFO]: Saving chunks for level 'ServerLevel[world]'/minecraft:overworld
[07:49:05] [Server thread/INFO]: Saving chunks for level 'ServerLevel[world]'/minecraft:the_end
[07:49:05] [Server thread/INFO]: Saving chunks for level 'ServerLevel[world]'/minecraft:the_nether
[07:49:05] [Server thread/INFO]: ThreadedAnvilChunkStorage (world): All chunks are saved
[07:49:05] [Server thread/INFO]: ThreadedAnvilChunkStorage (DIM1): All chunks are saved
[07:49:05] [Server thread/INFO]: ThreadedAnvilChunkStorage (DIM-1): All chunks are saved
[07:49:05] [Server thread/INFO]: ThreadedAnvilChunkStorage: All dimensions are saved
